2025-02-03 18:30:09,231 - __main__ - INFO - Initializing configuration...
2025-02-03 18:30:09,232 - __main__ - INFO - Collecting data...
2025-02-03 18:30:23,168 - __main__ - INFO - Preprocessing data...
2025-02-03 18:30:35,652 - __main__ - INFO - Initializing model...
2025-02-03 18:30:35,973 - __main__ - INFO - Setting up trainer...
2025-02-03 18:30:35,975 - Trainer - INFO - Using GPU: NVIDIA GeForce RTX 4070 Laptop GPU with 8.59 GB memory
2025-02-03 18:30:37,523 - __main__ - INFO - Starting training...
2025-02-03 18:30:37,669 - Trainer - ERROR - Training failed: autocast.__init__() got an unexpected keyword argument 'device_type'
2025-02-03 18:30:40,567 - __main__ - ERROR - Training failed: autocast.__init__() got an unexpected keyword argument 'device_type'
2025-02-03 18:34:13,221 - __main__ - INFO - Initializing configuration...
2025-02-03 18:34:13,222 - __main__ - INFO - Collecting data...
2025-02-03 18:34:27,525 - __main__ - INFO - Preprocessing data...
2025-02-03 18:34:39,990 - __main__ - INFO - Initializing model...
2025-02-03 18:34:40,313 - __main__ - INFO - Setting up trainer...
2025-02-03 18:34:40,316 - Trainer - INFO - Using GPU: NVIDIA GeForce RTX 4070 Laptop GPU with 8.59 GB memory
2025-02-03 18:34:41,817 - __main__ - INFO - Starting training...
2025-02-03 19:54:24,791 - Trainer - INFO - Training interrupted by user.
2025-02-03 19:54:26,315 - Trainer - INFO - Saved checkpoint: checkpoints/checkpoint_epoch_0.pt
2025-02-03 19:54:30,919 - __main__ - INFO - Training completed. Best validation loss: inf
2025-02-03 19:59:45,266 - __main__ - INFO - Initializing configuration...
2025-02-03 19:59:45,267 - __main__ - INFO - Collecting data...
2025-02-03 20:00:00,882 - __main__ - INFO - Preprocessing data...
2025-02-03 20:00:13,183 - __main__ - INFO - Initializing model...
2025-02-03 20:00:13,513 - __main__ - INFO - Setting up trainer...
2025-02-03 20:00:13,515 - Trainer - INFO - Using GPU: NVIDIA GeForce RTX 4070 Laptop GPU with 8.59 GB memory
2025-02-03 20:00:15,024 - __main__ - INFO - Starting training...
2025-02-03 20:00:15,598 - Trainer - ERROR - Failed to load checkpoint: Weights only load failed. This file can still be loaded, to do so you have two options, [1mdo those steps only if you trust the source of the checkpoint[0m. 
	(1) In PyTorch 2.6, we changed the default value of the `weights_only` argument in `torch.load` from `False` to `True`. Re-running `torch.load` with `weights_only` set to `False` will likely succeed, but it can result in arbitrary code execution. Do it only if you got the file from a trusted source.
	(2) Alternatively, to load with `weights_only=True` please check the recommended steps in the following error message.
	WeightsUnpickler error: Unsupported global: GLOBAL src.config.model_config.ModelConfig was not an allowed global by default. Please use `torch.serialization.add_safe_globals([ModelConfig])` or the `torch.serialization.safe_globals([ModelConfig])` context manager to allowlist this global if you trust this class/function.

Check the documentation of torch.load to learn more about types accepted by default with weights_only https://pytorch.org/docs/stable/generated/torch.load.html.
2025-02-03 20:00:28,600 - Trainer - INFO - Training interrupted by user.
2025-02-04 18:56:09,543 - __main__ - INFO - Initializing configuration...
2025-02-04 18:56:09,543 - __main__ - INFO - Collecting data...
2025-02-04 18:56:25,068 - __main__ - INFO - Preprocessing data...
2025-02-04 18:56:38,769 - __main__ - INFO - Initializing model...
2025-02-04 18:56:39,174 - __main__ - INFO - Setting up trainer...
2025-02-04 18:56:39,178 - Trainer - INFO - Using GPU: NVIDIA GeForce RTX 4070 Laptop GPU with 8.59 GB memory
2025-02-04 18:56:41,428 - __main__ - INFO - Starting training...
2025-02-04 20:18:19,946 - Trainer - INFO - Training interrupted by user.
2025-02-04 20:18:22,423 - Trainer - INFO - Saved checkpoint: checkpoints/checkpoint_epoch_0.pt
2025-02-04 20:18:27,388 - __main__ - INFO - Training completed. Best validation loss: inf
